SF:lib\src\decorated_icon.dart
DA:10,7
DA:14,1
DA:16,3
DA:18,6
DA:19,9
DA:20,3
DA:21,9
DA:22,3
DA:23,6
DA:24,6
DA:25,7
DA:26,3
DA:27,0
DA:30,3
DA:34,3
DA:35,3
DA:36,6
DA:40,1
DA:41,1
DA:42,2
DA:43,1
DA:48,3
DA:51,3
DA:52,6
DA:57,3
DA:59,0
DA:60,0
DA:61,0
DA:67,0
DA:74,2
DA:77,2
DA:78,4
DA:79,4
DA:82,2
DA:85,2
DA:86,2
DA:90,2
DA:91,4
DA:92,2
DA:93,2
DA:94,2
DA:95,2
DA:96,2
DA:97,4
DA:98,4
DA:108,3
DA:109,6
DA:110,3
DA:111,3
DA:114,3
LF:50
LH:45
end_of_record
SF:lib\src\icon_decoration.dart
DA:25,7
LF:1
LH:1
end_of_record
SF:lib\src\icon_border.dart
DA:10,3
DA:13,2
LF:2
LH:2
end_of_record
