SF:lib\src\decorated_icon.dart
DA:10,5
DA:14,1
DA:16,2
DA:18,4
DA:19,6
DA:20,2
DA:21,6
DA:22,2
DA:23,4
DA:24,4
DA:25,2
DA:26,0
DA:29,2
DA:33,2
DA:34,2
DA:35,4
DA:38,2
DA:41,2
DA:42,4
DA:47,2
DA:49,0
DA:50,0
DA:51,0
DA:57,0
DA:64,1
DA:67,1
DA:68,2
DA:69,1
DA:72,1
DA:75,1
DA:76,1
DA:80,1
DA:81,2
DA:82,1
DA:83,1
DA:84,1
DA:85,1
DA:86,1
DA:87,2
DA:88,2
DA:98,2
DA:99,4
DA:100,2
DA:101,2
DA:104,2
LF:45
LH:40
end_of_record
SF:lib\src\icon_decoration.dart
DA:20,5
LF:1
LH:1
end_of_record
SF:lib\src\icon_border.dart
DA:10,1
DA:13,0
LF:2
LH:1
end_of_record
